<?xml version="1.0" encoding="UTF-8"?>
<!-- Generated by org.testng.reporters.JUnitReportReporter -->
<testsuite hostname="DESKTOP-0TCUJVO" failures="0" tests="3" name="com.runner.Runner" time="154.216" errors="0" timestamp="2024-08-18T17:21:26 IST" skipped="0">
  <testcase classname="com.runner.Runner" name="runScenario" time="41.165"/>
  <system-out/>
  <testcase classname="com.runner.Runner" name="runScenario" time="71.823"/>
  <system-out/>
  <testcase classname="com.runner.Runner" name="runScenario" time="41.228"/>
  <system-out/>
</testsuite> <!-- com.runner.Runner -->
